DiagnosticsPlugin.exe Information: 0 : [13.06.2024 13:19:58] Starting DiagnosticPlugin.exe DiagnosticPlugin-ShutdownEvent DiagnosticPlugin-TotalShutdownEvent -wadVer1v5
DiagnosticsPlugin.exe Error: 0 : [13.06.2024 13:19:58] Failed to save IIS Directory state
DiagnosticsPlugin.exe Error: 0 : [13.06.2024 13:19:58] System.Runtime.InteropServices.COMException (0x80040154): Pobranie fabryki klasy COM dla składnika o identyfikatorze CLSID {2B72133B-3F5B-4602-8952-803546CE3344} nie powiodło się z powodu następującego błędu: 80040154 Klasa niezarejestrowana. (Wyjątek od HRESULT: 0x80040154 (REGDB_E_CLASSNOTREG)).
   w System.Runtime.Remoting.RemotingServices.AllocateUninitializedObject(RuntimeType objectType)
   w System.Runtime.Remoting.Activation.ActivationServices.CreateInstance(RuntimeType serverType)
   w System.Runtime.Remoting.Activation.ActivationServices.IsCurrentContextOK(RuntimeType serverType, Object[] props, Boolean bNewObj)
   w System.RuntimeTypeHandle.CreateInstance(RuntimeType type, Boolean publicOnly, Boolean noCheck, Boolean& canBeCached, RuntimeMethodHandleInternal& ctor, Boolean& bNeedSecurityCheck)
   w System.RuntimeType.CreateInstanceSlow(Boolean publicOnly, Boolean skipCheckThis, Boolean fillCache, StackCrawlMark& stackMark)
   w System.Activator.CreateInstance[T]()
   w Microsoft.Web.Administration.ConfigurationManager.CreateAdminManager[TClass,TInterface](WebConfigurationMap webConfigMap, Boolean isAdminConfig, Boolean isRedirectionConfig)
   w Microsoft.Web.Administration.ConfigurationManager.CreateWritableAdminManager(WebConfigurationMap webConfigMap, String configPathToEdit, Boolean isAdminConfig, Boolean isRedirectionConfig)
   w Microsoft.Web.Administration.ConfigurationManager.CreateConfiguration(WebConfigurationMap configMap, String configPathToEdit, Boolean isAdminConfig, Boolean isRedirectionConfig)
   w Microsoft.Web.Administration.ConfigurationManager.GetConfiguration(String rawConfigurationPath, String cacheKey, Boolean isAdminConfig, Boolean isRedirectionConfig)
   w Microsoft.Web.Administration.ConfigurationManager.GetApplicationHostConfiguration()
   w Microsoft.Web.Administration.ServerManager.SitesSectionCreator()
   w Microsoft.Web.Administration.Lazy.Initialize[T](T& target, CreateInstanceDelegate`1 valueFactory)
   w Microsoft.Web.Administration.ServerManager.SitesCollectionCreator()
   w Microsoft.Web.Administration.Lazy.Initialize[T](T& target, CreateInstanceDelegate`1 valueFactory)
   w Microsoft.Azure.Plugins.Plugin.DiagnosticsPluginManager.SaveIISDirectoryState()
DiagnosticsPlugin.exe Information: 0 : [13.06.2024 13:19:58] Starting DiagnosticsPlugin
DiagnosticsPlugin.exe Information: 0 : [13.06.2024 13:19:58] Emulator config file set to C:\Users\iwona\KSR LABY\KSR_LAB12\AzureCloudService1\AzureCloudService1\csx\Debug\roles\WorkerRole1\approot\diagnostics.wadcfgx
DiagnosticsPlugin.exe Information: 0 : [13.06.2024 13:19:58] DiagnosticsStoreRootPath set to: C:\Users\iwona\AppData\Local\dftmp\Resources\0f2a5cfa-ed21-40af-a74c-6e1694f0f810
DiagnosticsPlugin.exe Information: 0 : [13.06.2024 13:19:58] Loading config file: C:\Users\iwona\KSR LABY\KSR_LAB12\AzureCloudService1\AzureCloudService1\csx\Debug\roles\WorkerRole1\approot\diagnostics.wadcfgx
DiagnosticsPlugin.exe Information: 0 : [13.06.2024 13:19:58] Config file to read: C:\Users\iwona\KSR LABY\KSR_LAB12\AzureCloudService1\AzureCloudService1\csx\Debug\roles\WorkerRole1\approot\diagnostics.wadcfgx
DiagnosticsPlugin.exe Information: 0 : [13.06.2024 13:19:58] Checking VM Type
DiagnosticsPlugin.exe Information: 0 : [13.06.2024 13:19:58] Emulator config file set to C:\Users\iwona\KSR LABY\KSR_LAB12\AzureCloudService1\AzureCloudService1\csx\Debug\roles\WorkerRole1\approot\diagnostics.wadcfgx
DiagnosticsPlugin.exe Information: 0 : [13.06.2024 13:19:58] Extension set to Emulator Mode
DiagnosticsPlugin.exe Information: 0 : [13.06.2024 13:19:58] Reading XML configuration file
DiagnosticsPlugin.exe Information: 0 : [13.06.2024 13:19:58] Bypassing private config decryption
DiagnosticsPlugin.exe Information: 0 : [13.06.2024 13:19:58] WadCfg is provided in initial configuration. Using that to initialize Diagnostics.
DiagnosticsPlugin.exe Information: 0 : [13.06.2024 13:19:58] <PublicConfig xmlns="http://schemas.microsoft.com/ServiceHosting/2010/10/DiagnosticsConfiguration">
  <WadCfg>
    <DiagnosticMonitorConfiguration overallQuotaInMB="4096">
      <DiagnosticInfrastructureLogs scheduledTransferLogLevelFilter="Error" />
      <Logs scheduledTransferPeriod="PT1M" scheduledTransferLogLevelFilter="Error" />
      <Directories scheduledTransferPeriod="PT1M">
        <IISLogs containerName="wad-iis-logfiles" />
        <FailedRequestLogs containerName="wad-failedrequestlogs" />
      </Directories>
      <WindowsEventLog scheduledTransferPeriod="PT1M">
        <DataSource name="Application!*[System[(Level=1 or Level=2 or Level=3)]]" />
        <DataSource name="Windows Azure!*[System[(Level=1 or Level=2 or Level=3 or Level=4)]]" />
      </WindowsEventLog>
      <CrashDumps containerName="wad-crashdumps" dumpType="Mini">
        <CrashDumpConfiguration processName="WaIISHost.exe" />
        <CrashDumpConfiguration processName="WaWorkerHost.exe" />
        <CrashDumpConfiguration processName="w3wp.exe" />
      </CrashDumps>
      <PerformanceCounters scheduledTransferPeriod="PT1M">
        <PerformanceCounterConfiguration counterSpecifier="\Memory\Available MBytes" sampleRate="PT3M" />
        <PerformanceCounterConfiguration counterSpecifier="\Web Service(_Total)\ISAPI Extension Requests/sec" sampleRate="PT3M" />
        <PerformanceCounterConfiguration counterSpecifier="\Web Service(_Total)\Bytes Total/Sec" sampleRate="PT3M" />
        <PerformanceCounterConfiguration counterSpecifier="\ASP.NET Applications(__Total__)\Requests/Sec" sampleRate="PT3M" />
        <PerformanceCounterConfiguration counterSpecifier="\ASP.NET Applications(__Total__)\Errors Total/Sec" sampleRate="PT3M" />
        <PerformanceCounterConfiguration counterSpecifier="\ASP.NET\Requests Queued" sampleRate="PT3M" />
        <PerformanceCounterConfiguration counterSpecifier="\ASP.NET\Requests Rejected" sampleRate="PT3M" />
        <PerformanceCounterConfiguration counterSpecifier="\Processor(_Total)\% Processor Time" sampleRate="PT3M" />
      </PerformanceCounters>
    </DiagnosticMonitorConfiguration>
  </WadCfg>
  <StorageAccount>devstoreaccount1</StorageAccount>
</PublicConfig>
DiagnosticsPlugin.exe Information: 0 : [13.06.2024 13:19:58] Private setting is loaded
DiagnosticsPlugin.exe Information: 0 : [13.06.2024 13:19:58] Is config json/xml loaded
DiagnosticsPlugin.exe Information: 0 : [13.06.2024 13:19:58] Checking if configuration needs to be fetched from the storage account and doing so if needed.
DiagnosticsPlugin.exe Information: 0 : [13.06.2024 13:19:58] Successfully created checkpoint file C:\Users\iwona\AppData\Local\dftmp\Resources\0f2a5cfa-ed21-40af-a74c-6e1694f0f810\WAD0105\Configuration\Checkpoint.txt
DiagnosticsPlugin.exe Information: 0 : [13.06.2024 13:19:58] Will use local resource directory C:\Users\iwona\AppData\Local\dftmp\Resources\0f2a5cfa-ed21-40af-a74c-6e1694f0f810\WAD0105
DiagnosticsPlugin.exe Information: 0 : [13.06.2024 13:19:58] Will use endpoint https://core.windows.net for storage.
DiagnosticsPlugin.exe Information: 0 : [13.06.2024 13:19:58] Exception in creating the ServerManager; is IIS installed?
 Error:System.Runtime.InteropServices.COMException (0x80040154): Pobranie fabryki klasy COM dla składnika o identyfikatorze CLSID {2B72133B-3F5B-4602-8952-803546CE3344} nie powiodło się z powodu następującego błędu: 80040154 Klasa niezarejestrowana. (Wyjątek od HRESULT: 0x80040154 (REGDB_E_CLASSNOTREG)).
   w System.Runtime.Remoting.RemotingServices.AllocateUninitializedObject(RuntimeType objectType)
   w System.Runtime.Remoting.Activation.ActivationServices.CreateInstance(RuntimeType serverType)
   w System.Runtime.Remoting.Activation.ActivationServices.IsCurrentContextOK(RuntimeType serverType, Object[] props, Boolean bNewObj)
   w System.RuntimeTypeHandle.CreateInstance(RuntimeType type, Boolean publicOnly, Boolean noCheck, Boolean& canBeCached, RuntimeMethodHandleInternal& ctor, Boolean& bNeedSecurityCheck)
   w System.RuntimeType.CreateInstanceSlow(Boolean publicOnly, Boolean skipCheckThis, Boolean fillCache, StackCrawlMark& stackMark)
   w System.Activator.CreateInstance[T]()
   w Microsoft.Web.Administration.ConfigurationManager.CreateAdminManager[TClass,TInterface](WebConfigurationMap webConfigMap, Boolean isAdminConfig, Boolean isRedirectionConfig)
   w Microsoft.Web.Administration.ConfigurationManager.CreateWritableAdminManager(WebConfigurationMap webConfigMap, String configPathToEdit, Boolean isAdminConfig, Boolean isRedirectionConfig)
   w Microsoft.Web.Administration.ConfigurationManager.CreateConfiguration(WebConfigurationMap configMap, String configPathToEdit, Boolean isAdminConfig, Boolean isRedirectionConfig)
   w Microsoft.Web.Administration.ConfigurationManager.GetConfiguration(String rawConfigurationPath, String cacheKey, Boolean isAdminConfig, Boolean isRedirectionConfig)
   w Microsoft.Web.Administration.ConfigurationManager.GetApplicationHostConfiguration()
   w Microsoft.Web.Administration.ServerManager.SitesSectionCreator()
   w Microsoft.Web.Administration.Lazy.Initialize[T](T& target, CreateInstanceDelegate`1 valueFactory)
   w Microsoft.Web.Administration.ServerManager.SitesCollectionCreator()
   w Microsoft.Web.Administration.Lazy.Initialize[T](T& target, CreateInstanceDelegate`1 valueFactory)
   w Microsoft.Azure.Plugins.Plugin.WadConfigProcessor.AddDirectories(EventsType mdsEvents, Directories wadDirectories)
DiagnosticsPlugin.exe Information: 0 : [13.06.2024 13:19:58] Running in emulator mode, crash dumps not enabled
DiagnosticsPlugin.exe Information: 0 : [13.06.2024 13:19:58] Checking to see if Application Insights extension needs to be configured.
DiagnosticsPlugin.exe Information: 0 : [13.06.2024 13:19:59] In emulator mode and using devstore updating XStoreAccount info, command line args: -LocalPath "C:\Users\iwona\AppData\Local\dftmp\Resources\0f2a5cfa-ed21-40af-a74c-6e1694f0f810\WAD0105"  -ConfigFile "C:\Users\iwona\AppData\Local\dftmp\Resources\0f2a5cfa-ed21-40af-a74c-6e1694f0f810\WAD0105\Configuration\MaConfig.xml" -ShutDownEvent WADDM-ShutDown-be30035819654b8d92a68f1f17796c27  -TotalShutDownEvent WADDM-TotalShutDown-be30035819654b8d92a68f1f17796c27 -InitializedEvent WADM-StartUp-be30035819654b8d92a68f1f17796c27 -parent 72392 -events -wadVer1v5 -UseProxyServer -XStoreAccounts WadAccount#true#devstoreaccount1#Eby8vdM02xNOcqFlqUwJPLlmEtlCDXJ1OUzFT50uSRZ6IFsuFq2UVErCz4I6tq/K1SZFPTOtr/KBHBeksoGMGw==#http://127.0.0.1:10002#http://127.0.0.1:10001#http://127.0.0.1:10000
DiagnosticsPlugin.exe Error: 0 : [13.06.2024 13:20:29] Microsoft.Cis.Monitoring.Query.QueryException: ErrorFail
   w Microsoft.Cis.Monitoring.Query.QueryLocalTable..ctor(String TableName, String TablePath)
   w ApplicationInsightsExtension.MATableReader.ReadTableRecords(String tableName, String tablePath, DateTime startTime, DateTime endTime)
   w Microsoft.Azure.Plugins.Diagnostics.dll.MAStatusWriter.UpdateStatusReport(Object sender, ElapsedEventArgs e)
DiagnosticsPlugin.exe Error: 0 : [13.06.2024 13:20:59] Microsoft.Cis.Monitoring.Query.QueryException: ErrorFail
   w Microsoft.Cis.Monitoring.Query.QueryLocalTable..ctor(String TableName, String TablePath)
   w ApplicationInsightsExtension.MATableReader.ReadTableRecords(String tableName, String tablePath, DateTime startTime, DateTime endTime)
   w Microsoft.Azure.Plugins.Diagnostics.dll.MAStatusWriter.UpdateStatusReport(Object sender, ElapsedEventArgs e)
DiagnosticsPlugin.exe Information: 0 : [13.06.2024 13:20:59] MonAgentHost.exe started
DiagnosticsPlugin.exe Information: 0 : [13.06.2024 13:20:59] DiagnoticsPlugin started.
DiagnosticsPlugin.exe Information: 0 : [13.06.2024 13:20:59] DiagnoticsPlugin now waiting on events "DiagnosticPlugin-ShutdownEvent", "DiagnosticPlugin-TotalShutdownEvent" or "DiagnosticPlugin-RestartEvent".
DiagnosticsPlugin.exe Error: 0 : [13.06.2024 13:21:29] Microsoft.Cis.Monitoring.Query.QueryException: ErrorFail
   w Microsoft.Cis.Monitoring.Query.QueryLocalTable..ctor(String TableName, String TablePath)
   w ApplicationInsightsExtension.MATableReader.ReadTableRecords(String tableName, String tablePath, DateTime startTime, DateTime endTime)
   w Microsoft.Azure.Plugins.Diagnostics.dll.MAStatusWriter.UpdateStatusReport(Object sender, ElapsedEventArgs e)
DiagnosticsPlugin.exe Information: 0 : [13.06.2024 13:21:58] Failed to update IIS Directory state in directory monitor
Pobranie fabryki klasy COM dla składnika o identyfikatorze CLSID {2B72133B-3F5B-4602-8952-803546CE3344} nie powiodło się z powodu następującego błędu: 80040154 Klasa niezarejestrowana. (Wyjątek od HRESULT: 0x80040154 (REGDB_E_CLASSNOTREG)).
DiagnosticsPlugin.exe Error: 0 : [13.06.2024 13:21:59] Microsoft.Cis.Monitoring.Query.QueryException: ErrorFail
   w Microsoft.Cis.Monitoring.Query.QueryLocalTable..ctor(String TableName, String TablePath)
   w ApplicationInsightsExtension.MATableReader.ReadTableRecords(String tableName, String tablePath, DateTime startTime, DateTime endTime)
   w Microsoft.Azure.Plugins.Diagnostics.dll.MAStatusWriter.UpdateStatusReport(Object sender, ElapsedEventArgs e)
DiagnosticsPlugin.exe Error: 0 : [13.06.2024 13:22:29] Microsoft.Cis.Monitoring.Query.QueryException: ErrorFail
   w Microsoft.Cis.Monitoring.Query.QueryLocalTable..ctor(String TableName, String TablePath)
   w ApplicationInsightsExtension.MATableReader.ReadTableRecords(String tableName, String tablePath, DateTime startTime, DateTime endTime)
   w Microsoft.Azure.Plugins.Diagnostics.dll.MAStatusWriter.UpdateStatusReport(Object sender, ElapsedEventArgs e)
DiagnosticsPlugin.exe Error: 0 : [13.06.2024 13:22:59] Microsoft.Cis.Monitoring.Query.QueryException: ErrorFail
   w Microsoft.Cis.Monitoring.Query.QueryLocalTable..ctor(String TableName, String TablePath)
   w ApplicationInsightsExtension.MATableReader.ReadTableRecords(String tableName, String tablePath, DateTime startTime, DateTime endTime)
   w Microsoft.Azure.Plugins.Diagnostics.dll.MAStatusWriter.UpdateStatusReport(Object sender, ElapsedEventArgs e)
DiagnosticsPlugin.exe Error: 0 : [13.06.2024 13:23:29] Microsoft.Cis.Monitoring.Query.QueryException: ErrorFail
   w Microsoft.Cis.Monitoring.Query.QueryLocalTable..ctor(String TableName, String TablePath)
   w ApplicationInsightsExtension.MATableReader.ReadTableRecords(String tableName, String tablePath, DateTime startTime, DateTime endTime)
   w Microsoft.Azure.Plugins.Diagnostics.dll.MAStatusWriter.UpdateStatusReport(Object sender, ElapsedEventArgs e)
DiagnosticsPlugin.exe Error: 0 : [13.06.2024 13:23:59] Microsoft.Cis.Monitoring.Query.QueryException: ErrorFail
   w Microsoft.Cis.Monitoring.Query.QueryLocalTable..ctor(String TableName, String TablePath)
   w ApplicationInsightsExtension.MATableReader.ReadTableRecords(String tableName, String tablePath, DateTime startTime, DateTime endTime)
   w Microsoft.Azure.Plugins.Diagnostics.dll.MAStatusWriter.UpdateStatusReport(Object sender, ElapsedEventArgs e)
DiagnosticsPlugin.exe Error: 0 : [13.06.2024 13:24:29] Microsoft.Cis.Monitoring.Query.QueryException: ErrorFail
   w Microsoft.Cis.Monitoring.Query.QueryLocalTable..ctor(String TableName, String TablePath)
   w ApplicationInsightsExtension.MATableReader.ReadTableRecords(String tableName, String tablePath, DateTime startTime, DateTime endTime)
   w Microsoft.Azure.Plugins.Diagnostics.dll.MAStatusWriter.UpdateStatusReport(Object sender, ElapsedEventArgs e)
DiagnosticsPlugin.exe Error: 0 : [13.06.2024 13:24:59] Microsoft.Cis.Monitoring.Query.QueryException: ErrorFail
   w Microsoft.Cis.Monitoring.Query.QueryLocalTable..ctor(String TableName, String TablePath)
   w ApplicationInsightsExtension.MATableReader.ReadTableRecords(String tableName, String tablePath, DateTime startTime, DateTime endTime)
   w Microsoft.Azure.Plugins.Diagnostics.dll.MAStatusWriter.UpdateStatusReport(Object sender, ElapsedEventArgs e)
DiagnosticsPlugin.exe Error: 0 : [13.06.2024 13:25:29] Microsoft.Cis.Monitoring.Query.QueryException: ErrorFail
   w Microsoft.Cis.Monitoring.Query.QueryLocalTable..ctor(String TableName, String TablePath)
   w ApplicationInsightsExtension.MATableReader.ReadTableRecords(String tableName, String tablePath, DateTime startTime, DateTime endTime)
   w Microsoft.Azure.Plugins.Diagnostics.dll.MAStatusWriter.UpdateStatusReport(Object sender, ElapsedEventArgs e)
DiagnosticsPlugin.exe Error: 0 : [13.06.2024 13:25:59] Microsoft.Cis.Monitoring.Query.QueryException: ErrorFail
   w Microsoft.Cis.Monitoring.Query.QueryLocalTable..ctor(String TableName, String TablePath)
   w ApplicationInsightsExtension.MATableReader.ReadTableRecords(String tableName, String tablePath, DateTime startTime, DateTime endTime)
   w Microsoft.Azure.Plugins.Diagnostics.dll.MAStatusWriter.UpdateStatusReport(Object sender, ElapsedEventArgs e)
DiagnosticsPlugin.exe Error: 0 : [13.06.2024 13:26:29] Microsoft.Cis.Monitoring.Query.QueryException: ErrorFail
   w Microsoft.Cis.Monitoring.Query.QueryLocalTable..ctor(String TableName, String TablePath)
   w ApplicationInsightsExtension.MATableReader.ReadTableRecords(String tableName, String tablePath, DateTime startTime, DateTime endTime)
   w Microsoft.Azure.Plugins.Diagnostics.dll.MAStatusWriter.UpdateStatusReport(Object sender, ElapsedEventArgs e)
DiagnosticsPlugin.exe Error: 0 : [13.06.2024 13:26:59] Microsoft.Cis.Monitoring.Query.QueryException: ErrorFail
   w Microsoft.Cis.Monitoring.Query.QueryLocalTable..ctor(String TableName, String TablePath)
   w ApplicationInsightsExtension.MATableReader.ReadTableRecords(String tableName, String tablePath, DateTime startTime, DateTime endTime)
   w Microsoft.Azure.Plugins.Diagnostics.dll.MAStatusWriter.UpdateStatusReport(Object sender, ElapsedEventArgs e)
DiagnosticsPlugin.exe Error: 0 : [13.06.2024 13:27:29] Microsoft.Cis.Monitoring.Query.QueryException: ErrorFail
   w Microsoft.Cis.Monitoring.Query.QueryLocalTable..ctor(String TableName, String TablePath)
   w ApplicationInsightsExtension.MATableReader.ReadTableRecords(String tableName, String tablePath, DateTime startTime, DateTime endTime)
   w Microsoft.Azure.Plugins.Diagnostics.dll.MAStatusWriter.UpdateStatusReport(Object sender, ElapsedEventArgs e)
DiagnosticsPlugin.exe Error: 0 : [13.06.2024 13:27:59] Microsoft.Cis.Monitoring.Query.QueryException: ErrorFail
   w Microsoft.Cis.Monitoring.Query.QueryLocalTable..ctor(String TableName, String TablePath)
   w ApplicationInsightsExtension.MATableReader.ReadTableRecords(String tableName, String tablePath, DateTime startTime, DateTime endTime)
   w Microsoft.Azure.Plugins.Diagnostics.dll.MAStatusWriter.UpdateStatusReport(Object sender, ElapsedEventArgs e)
DiagnosticsPlugin.exe Error: 0 : [13.06.2024 13:28:29] Microsoft.Cis.Monitoring.Query.QueryException: ErrorFail
   w Microsoft.Cis.Monitoring.Query.QueryLocalTable..ctor(String TableName, String TablePath)
   w ApplicationInsightsExtension.MATableReader.ReadTableRecords(String tableName, String tablePath, DateTime startTime, DateTime endTime)
   w Microsoft.Azure.Plugins.Diagnostics.dll.MAStatusWriter.UpdateStatusReport(Object sender, ElapsedEventArgs e)
DiagnosticsPlugin.exe Error: 0 : [13.06.2024 13:28:59] Microsoft.Cis.Monitoring.Query.QueryException: ErrorFail
   w Microsoft.Cis.Monitoring.Query.QueryLocalTable..ctor(String TableName, String TablePath)
   w ApplicationInsightsExtension.MATableReader.ReadTableRecords(String tableName, String tablePath, DateTime startTime, DateTime endTime)
   w Microsoft.Azure.Plugins.Diagnostics.dll.MAStatusWriter.UpdateStatusReport(Object sender, ElapsedEventArgs e)
DiagnosticsPlugin.exe Error: 0 : [13.06.2024 13:29:29] Microsoft.Cis.Monitoring.Query.QueryException: ErrorFail
   w Microsoft.Cis.Monitoring.Query.QueryLocalTable..ctor(String TableName, String TablePath)
   w ApplicationInsightsExtension.MATableReader.ReadTableRecords(String tableName, String tablePath, DateTime startTime, DateTime endTime)
   w Microsoft.Azure.Plugins.Diagnostics.dll.MAStatusWriter.UpdateStatusReport(Object sender, ElapsedEventArgs e)
DiagnosticsPlugin.exe Error: 0 : [13.06.2024 13:29:59] Microsoft.Cis.Monitoring.Query.QueryException: ErrorFail
   w Microsoft.Cis.Monitoring.Query.QueryLocalTable..ctor(String TableName, String TablePath)
   w ApplicationInsightsExtension.MATableReader.ReadTableRecords(String tableName, String tablePath, DateTime startTime, DateTime endTime)
   w Microsoft.Azure.Plugins.Diagnostics.dll.MAStatusWriter.UpdateStatusReport(Object sender, ElapsedEventArgs e)
DiagnosticsPlugin.exe Error: 0 : [13.06.2024 13:30:29] Microsoft.Cis.Monitoring.Query.QueryException: ErrorFail
   w Microsoft.Cis.Monitoring.Query.QueryLocalTable..ctor(String TableName, String TablePath)
   w ApplicationInsightsExtension.MATableReader.ReadTableRecords(String tableName, String tablePath, DateTime startTime, DateTime endTime)
   w Microsoft.Azure.Plugins.Diagnostics.dll.MAStatusWriter.UpdateStatusReport(Object sender, ElapsedEventArgs e)
DiagnosticsPlugin.exe Error: 0 : [13.06.2024 13:30:59] Microsoft.Cis.Monitoring.Query.QueryException: ErrorFail
   w Microsoft.Cis.Monitoring.Query.QueryLocalTable..ctor(String TableName, String TablePath)
   w ApplicationInsightsExtension.MATableReader.ReadTableRecords(String tableName, String tablePath, DateTime startTime, DateTime endTime)
   w Microsoft.Azure.Plugins.Diagnostics.dll.MAStatusWriter.UpdateStatusReport(Object sender, ElapsedEventArgs e)
DiagnosticsPlugin.exe Error: 0 : [13.06.2024 13:31:29] Microsoft.Cis.Monitoring.Query.QueryException: ErrorFail
   w Microsoft.Cis.Monitoring.Query.QueryLocalTable..ctor(String TableName, String TablePath)
   w ApplicationInsightsExtension.MATableReader.ReadTableRecords(String tableName, String tablePath, DateTime startTime, DateTime endTime)
   w Microsoft.Azure.Plugins.Diagnostics.dll.MAStatusWriter.UpdateStatusReport(Object sender, ElapsedEventArgs e)
DiagnosticsPlugin.exe Error: 0 : [13.06.2024 13:31:59] Microsoft.Cis.Monitoring.Query.QueryException: ErrorFail
   w Microsoft.Cis.Monitoring.Query.QueryLocalTable..ctor(String TableName, String TablePath)
   w ApplicationInsightsExtension.MATableReader.ReadTableRecords(String tableName, String tablePath, DateTime startTime, DateTime endTime)
   w Microsoft.Azure.Plugins.Diagnostics.dll.MAStatusWriter.UpdateStatusReport(Object sender, ElapsedEventArgs e)
DiagnosticsPlugin.exe Error: 0 : [13.06.2024 13:32:29] Microsoft.Cis.Monitoring.Query.QueryException: ErrorFail
   w Microsoft.Cis.Monitoring.Query.QueryLocalTable..ctor(String TableName, String TablePath)
   w ApplicationInsightsExtension.MATableReader.ReadTableRecords(String tableName, String tablePath, DateTime startTime, DateTime endTime)
   w Microsoft.Azure.Plugins.Diagnostics.dll.MAStatusWriter.UpdateStatusReport(Object sender, ElapsedEventArgs e)
DiagnosticsPlugin.exe Error: 0 : [13.06.2024 13:32:59] Microsoft.Cis.Monitoring.Query.QueryException: ErrorFail
   w Microsoft.Cis.Monitoring.Query.QueryLocalTable..ctor(String TableName, String TablePath)
   w ApplicationInsightsExtension.MATableReader.ReadTableRecords(String tableName, String tablePath, DateTime startTime, DateTime endTime)
   w Microsoft.Azure.Plugins.Diagnostics.dll.MAStatusWriter.UpdateStatusReport(Object sender, ElapsedEventArgs e)
DiagnosticsPlugin.exe Error: 0 : [13.06.2024 13:33:29] Microsoft.Cis.Monitoring.Query.QueryException: ErrorFail
   w Microsoft.Cis.Monitoring.Query.QueryLocalTable..ctor(String TableName, String TablePath)
   w ApplicationInsightsExtension.MATableReader.ReadTableRecords(String tableName, String tablePath, DateTime startTime, DateTime endTime)
   w Microsoft.Azure.Plugins.Diagnostics.dll.MAStatusWriter.UpdateStatusReport(Object sender, ElapsedEventArgs e)
DiagnosticsPlugin.exe Error: 0 : [13.06.2024 13:33:59] Microsoft.Cis.Monitoring.Query.QueryException: ErrorFail
   w Microsoft.Cis.Monitoring.Query.QueryLocalTable..ctor(String TableName, String TablePath)
   w ApplicationInsightsExtension.MATableReader.ReadTableRecords(String tableName, String tablePath, DateTime startTime, DateTime endTime)
   w Microsoft.Azure.Plugins.Diagnostics.dll.MAStatusWriter.UpdateStatusReport(Object sender, ElapsedEventArgs e)
DiagnosticsPlugin.exe Error: 0 : [13.06.2024 13:34:29] Microsoft.Cis.Monitoring.Query.QueryException: ErrorFail
   w Microsoft.Cis.Monitoring.Query.QueryLocalTable..ctor(String TableName, String TablePath)
   w ApplicationInsightsExtension.MATableReader.ReadTableRecords(String tableName, String tablePath, DateTime startTime, DateTime endTime)
   w Microsoft.Azure.Plugins.Diagnostics.dll.MAStatusWriter.UpdateStatusReport(Object sender, ElapsedEventArgs e)
DiagnosticsPlugin.exe Error: 0 : [13.06.2024 13:34:59] Microsoft.Cis.Monitoring.Query.QueryException: ErrorFail
   w Microsoft.Cis.Monitoring.Query.QueryLocalTable..ctor(String TableName, String TablePath)
   w ApplicationInsightsExtension.MATableReader.ReadTableRecords(String tableName, String tablePath, DateTime startTime, DateTime endTime)
   w Microsoft.Azure.Plugins.Diagnostics.dll.MAStatusWriter.UpdateStatusReport(Object sender, ElapsedEventArgs e)
DiagnosticsPlugin.exe Error: 0 : [13.06.2024 13:35:29] Microsoft.Cis.Monitoring.Query.QueryException: ErrorFail
   w Microsoft.Cis.Monitoring.Query.QueryLocalTable..ctor(String TableName, String TablePath)
   w ApplicationInsightsExtension.MATableReader.ReadTableRecords(String tableName, String tablePath, DateTime startTime, DateTime endTime)
   w Microsoft.Azure.Plugins.Diagnostics.dll.MAStatusWriter.UpdateStatusReport(Object sender, ElapsedEventArgs e)
DiagnosticsPlugin.exe Error: 0 : [13.06.2024 13:35:59] Microsoft.Cis.Monitoring.Query.QueryException: ErrorFail
   w Microsoft.Cis.Monitoring.Query.QueryLocalTable..ctor(String TableName, String TablePath)
   w ApplicationInsightsExtension.MATableReader.ReadTableRecords(String tableName, String tablePath, DateTime startTime, DateTime endTime)
   w Microsoft.Azure.Plugins.Diagnostics.dll.MAStatusWriter.UpdateStatusReport(Object sender, ElapsedEventArgs e)
DiagnosticsPlugin.exe Error: 0 : [13.06.2024 13:36:29] Microsoft.Cis.Monitoring.Query.QueryException: ErrorFail
   w Microsoft.Cis.Monitoring.Query.QueryLocalTable..ctor(String TableName, String TablePath)
   w ApplicationInsightsExtension.MATableReader.ReadTableRecords(String tableName, String tablePath, DateTime startTime, DateTime endTime)
   w Microsoft.Azure.Plugins.Diagnostics.dll.MAStatusWriter.UpdateStatusReport(Object sender, ElapsedEventArgs e)
DiagnosticsPlugin.exe Error: 0 : [13.06.2024 13:36:59] Microsoft.Cis.Monitoring.Query.QueryException: ErrorFail
   w Microsoft.Cis.Monitoring.Query.QueryLocalTable..ctor(String TableName, String TablePath)
   w ApplicationInsightsExtension.MATableReader.ReadTableRecords(String tableName, String tablePath, DateTime startTime, DateTime endTime)
   w Microsoft.Azure.Plugins.Diagnostics.dll.MAStatusWriter.UpdateStatusReport(Object sender, ElapsedEventArgs e)
DiagnosticsPlugin.exe Error: 0 : [13.06.2024 13:37:29] Microsoft.Cis.Monitoring.Query.QueryException: ErrorFail
   w Microsoft.Cis.Monitoring.Query.QueryLocalTable..ctor(String TableName, String TablePath)
   w ApplicationInsightsExtension.MATableReader.ReadTableRecords(String tableName, String tablePath, DateTime startTime, DateTime endTime)
   w Microsoft.Azure.Plugins.Diagnostics.dll.MAStatusWriter.UpdateStatusReport(Object sender, ElapsedEventArgs e)
DiagnosticsPlugin.exe Error: 0 : [13.06.2024 13:37:59] Microsoft.Cis.Monitoring.Query.QueryException: ErrorFail
   w Microsoft.Cis.Monitoring.Query.QueryLocalTable..ctor(String TableName, String TablePath)
   w ApplicationInsightsExtension.MATableReader.ReadTableRecords(String tableName, String tablePath, DateTime startTime, DateTime endTime)
   w Microsoft.Azure.Plugins.Diagnostics.dll.MAStatusWriter.UpdateStatusReport(Object sender, ElapsedEventArgs e)
DiagnosticsPlugin.exe Error: 0 : [13.06.2024 13:38:29] Microsoft.Cis.Monitoring.Query.QueryException: ErrorFail
   w Microsoft.Cis.Monitoring.Query.QueryLocalTable..ctor(String TableName, String TablePath)
   w ApplicationInsightsExtension.MATableReader.ReadTableRecords(String tableName, String tablePath, DateTime startTime, DateTime endTime)
   w Microsoft.Azure.Plugins.Diagnostics.dll.MAStatusWriter.UpdateStatusReport(Object sender, ElapsedEventArgs e)
DiagnosticsPlugin.exe Error: 0 : [13.06.2024 13:38:59] Microsoft.Cis.Monitoring.Query.QueryException: ErrorFail
   w Microsoft.Cis.Monitoring.Query.QueryLocalTable..ctor(String TableName, String TablePath)
   w ApplicationInsightsExtension.MATableReader.ReadTableRecords(String tableName, String tablePath, DateTime startTime, DateTime endTime)
   w Microsoft.Azure.Plugins.Diagnostics.dll.MAStatusWriter.UpdateStatusReport(Object sender, ElapsedEventArgs e)
DiagnosticsPlugin.exe Error: 0 : [13.06.2024 13:39:29] Microsoft.Cis.Monitoring.Query.QueryException: ErrorFail
   w Microsoft.Cis.Monitoring.Query.QueryLocalTable..ctor(String TableName, String TablePath)
   w ApplicationInsightsExtension.MATableReader.ReadTableRecords(String tableName, String tablePath, DateTime startTime, DateTime endTime)
   w Microsoft.Azure.Plugins.Diagnostics.dll.MAStatusWriter.UpdateStatusReport(Object sender, ElapsedEventArgs e)
DiagnosticsPlugin.exe Error: 0 : [13.06.2024 13:39:59] Microsoft.Cis.Monitoring.Query.QueryException: ErrorFail
   w Microsoft.Cis.Monitoring.Query.QueryLocalTable..ctor(String TableName, String TablePath)
   w ApplicationInsightsExtension.MATableReader.ReadTableRecords(String tableName, String tablePath, DateTime startTime, DateTime endTime)
   w Microsoft.Azure.Plugins.Diagnostics.dll.MAStatusWriter.UpdateStatusReport(Object sender, ElapsedEventArgs e)
DiagnosticsPlugin.exe Error: 0 : [13.06.2024 13:40:29] Microsoft.Cis.Monitoring.Query.QueryException: ErrorFail
   w Microsoft.Cis.Monitoring.Query.QueryLocalTable..ctor(String TableName, String TablePath)
   w ApplicationInsightsExtension.MATableReader.ReadTableRecords(String tableName, String tablePath, DateTime startTime, DateTime endTime)
   w Microsoft.Azure.Plugins.Diagnostics.dll.MAStatusWriter.UpdateStatusReport(Object sender, ElapsedEventArgs e)
DiagnosticsPlugin.exe Error: 0 : [13.06.2024 13:40:59] Microsoft.Cis.Monitoring.Query.QueryException: ErrorFail
   w Microsoft.Cis.Monitoring.Query.QueryLocalTable..ctor(String TableName, String TablePath)
   w ApplicationInsightsExtension.MATableReader.ReadTableRecords(String tableName, String tablePath, DateTime startTime, DateTime endTime)
   w Microsoft.Azure.Plugins.Diagnostics.dll.MAStatusWriter.UpdateStatusReport(Object sender, ElapsedEventArgs e)
DiagnosticsPlugin.exe Error: 0 : [13.06.2024 13:41:29] Microsoft.Cis.Monitoring.Query.QueryException: ErrorFail
   w Microsoft.Cis.Monitoring.Query.QueryLocalTable..ctor(String TableName, String TablePath)
   w ApplicationInsightsExtension.MATableReader.ReadTableRecords(String tableName, String tablePath, DateTime startTime, DateTime endTime)
   w Microsoft.Azure.Plugins.Diagnostics.dll.MAStatusWriter.UpdateStatusReport(Object sender, ElapsedEventArgs e)
DiagnosticsPlugin.exe Error: 0 : [13.06.2024 13:41:59] Microsoft.Cis.Monitoring.Query.QueryException: ErrorFail
   w Microsoft.Cis.Monitoring.Query.QueryLocalTable..ctor(String TableName, String TablePath)
   w ApplicationInsightsExtension.MATableReader.ReadTableRecords(String tableName, String tablePath, DateTime startTime, DateTime endTime)
   w Microsoft.Azure.Plugins.Diagnostics.dll.MAStatusWriter.UpdateStatusReport(Object sender, ElapsedEventArgs e)
DiagnosticsPlugin.exe Error: 0 : [13.06.2024 13:42:29] Microsoft.Cis.Monitoring.Query.QueryException: ErrorFail
   w Microsoft.Cis.Monitoring.Query.QueryLocalTable..ctor(String TableName, String TablePath)
   w ApplicationInsightsExtension.MATableReader.ReadTableRecords(String tableName, String tablePath, DateTime startTime, DateTime endTime)
   w Microsoft.Azure.Plugins.Diagnostics.dll.MAStatusWriter.UpdateStatusReport(Object sender, ElapsedEventArgs e)
DiagnosticsPlugin.exe Error: 0 : [13.06.2024 13:42:59] Microsoft.Cis.Monitoring.Query.QueryException: ErrorFail
   w Microsoft.Cis.Monitoring.Query.QueryLocalTable..ctor(String TableName, String TablePath)
   w ApplicationInsightsExtension.MATableReader.ReadTableRecords(String tableName, String tablePath, DateTime startTime, DateTime endTime)
   w Microsoft.Azure.Plugins.Diagnostics.dll.MAStatusWriter.UpdateStatusReport(Object sender, ElapsedEventArgs e)
DiagnosticsPlugin.exe Error: 0 : [13.06.2024 13:43:29] Microsoft.Cis.Monitoring.Query.QueryException: ErrorFail
   w Microsoft.Cis.Monitoring.Query.QueryLocalTable..ctor(String TableName, String TablePath)
   w ApplicationInsightsExtension.MATableReader.ReadTableRecords(String tableName, String tablePath, DateTime startTime, DateTime endTime)
   w Microsoft.Azure.Plugins.Diagnostics.dll.MAStatusWriter.UpdateStatusReport(Object sender, ElapsedEventArgs e)
DiagnosticsPlugin.exe Error: 0 : [13.06.2024 13:43:59] Microsoft.Cis.Monitoring.Query.QueryException: ErrorFail
   w Microsoft.Cis.Monitoring.Query.QueryLocalTable..ctor(String TableName, String TablePath)
   w ApplicationInsightsExtension.MATableReader.ReadTableRecords(String tableName, String tablePath, DateTime startTime, DateTime endTime)
   w Microsoft.Azure.Plugins.Diagnostics.dll.MAStatusWriter.UpdateStatusReport(Object sender, ElapsedEventArgs e)
DiagnosticsPlugin.exe Error: 0 : [13.06.2024 13:44:29] Microsoft.Cis.Monitoring.Query.QueryException: ErrorFail
   w Microsoft.Cis.Monitoring.Query.QueryLocalTable..ctor(String TableName, String TablePath)
   w ApplicationInsightsExtension.MATableReader.ReadTableRecords(String tableName, String tablePath, DateTime startTime, DateTime endTime)
   w Microsoft.Azure.Plugins.Diagnostics.dll.MAStatusWriter.UpdateStatusReport(Object sender, ElapsedEventArgs e)
DiagnosticsPlugin.exe Error: 0 : [13.06.2024 13:44:59] Microsoft.Cis.Monitoring.Query.QueryException: ErrorFail
   w Microsoft.Cis.Monitoring.Query.QueryLocalTable..ctor(String TableName, String TablePath)
   w ApplicationInsightsExtension.MATableReader.ReadTableRecords(String tableName, String tablePath, DateTime startTime, DateTime endTime)
   w Microsoft.Azure.Plugins.Diagnostics.dll.MAStatusWriter.UpdateStatusReport(Object sender, ElapsedEventArgs e)
DiagnosticsPlugin.exe Error: 0 : [13.06.2024 13:45:29] Microsoft.Cis.Monitoring.Query.QueryException: ErrorFail
   w Microsoft.Cis.Monitoring.Query.QueryLocalTable..ctor(String TableName, String TablePath)
   w ApplicationInsightsExtension.MATableReader.ReadTableRecords(String tableName, String tablePath, DateTime startTime, DateTime endTime)
   w Microsoft.Azure.Plugins.Diagnostics.dll.MAStatusWriter.UpdateStatusReport(Object sender, ElapsedEventArgs e)
